4/22/13 4:39:16 PM - 10: org.apache.uima.adapter.jms.service.UIMA_Service.initialize(68): INFO: UIMA-AS version 2.4.0
4/22/13 4:39:18 PM - 10: org.apache.uima.aae.controller.BaseAnalysisEngineController.logPlatformInfo: INFO: 
+------------------------------------------------------------------
                   Starting UIMA AS Service - PID: 1360
+------------------------------------------------------------------
+ Service Name:EMR Pipeline
+ Service Queue Name:EMRQueue
+ Service Start Time:22 Apr 2013 16:39:16 
+ UIMA AS Version:2.4.0
+ UIMA Core Version:2.4.0
+ OS Name:Mac OS X
+ OS Version:10.8.3
+ OS Architecture:x86_64
+ OS CPU Count:4
+ JVM Vendor:Apple Inc.
+ JVM Name:Java HotSpot(TM) 64-Bit Server VM
+ JVM Version:20.14-b01-447
+ JVM Input Args:[-DVNS_HOST=localhost, -DVNS_PORT=9000, -Duima.home=/Users/yangjarydu/Documents/Projects/apache-uima-as-2.3.1, -Duima.datapath=, -Djava.util.logging.config.file=/Users/yangjarydu/Documents/Projects/apache-uima-as-2.3.1/config/Logger.properties, -Duima.tools.cvd.manpath.notset, -Xms128M, -Xmx800M, -Dlog4j.configuration=file:/Users/yangjarydu/Documents/Projects/apache-uima-as-2.3.1/as_config/uimaAsLog4j.properties, -DUimaBootstrapSuppressClassPathDisplay, -Dorg.apache.uima.jarpath=:/Users/yangjarydu/Documents/Projects/apache-uima-as-2.3.1/examples/resources:/Users/yangjarydu/Documents/Projects/apache-uima-as-2.3.1/lib:/Users/yangjarydu/Documents/Projects/apache-uima-as-2.3.1/apache-activemq-5.4.1:/Users/yangjarydu/Documents/Projects/apache-uima-as-2.3.1/apache-activemq-5.4.1/lib:/Users/yangjarydu/Documents/Projects/apache-uima-as-2.3.1/apache-activemq-5.4.1/lib/optional:]
+ JVM Classpath:/Users/yangjarydu/Documents/Projects/apache-uima-as-2.3.1/lib/uimaj-bootstrap.jar
+ JVM Loaded Jars:/Users/yangjarydu/Documents/Projects/apache-uima-as-2.3.1/lib/uimaj-bootstrap.jar:/Users/yangjarydu/Documents/Projects/apache-uima-as-2.3.1/examples/resources/:/Users/yangjarydu/Documents/Projects/apache-uima-as-2.3.1/lib/emr-jd.jar:/Users/yangjarydu/Documents/Projects/apache-uima-as-2.3.1/lib/jVinci.jar:/Users/yangjarydu/Documents/Projects/apache-uima-as-2.3.1/lib/uima-adapter-soap.jar:/Users/yangjarydu/Documents/Projects/apache-uima-as-2.3.1/lib/uima-adapter-vinci.jar:/Users/yangjarydu/Documents/Projects/apache-uima-as-2.3.1/lib/uima-core.jar:/Users/yangjarydu/Documents/Projects/apache-uima-as-2.3.1/lib/uima-cpe.jar:/Users/yangjarydu/Documents/Projects/apache-uima-as-2.3.1/lib/uima-document-annotation.jar:/Users/yangjarydu/Documents/Projects/apache-uima-as-2.3.1/lib/uima-examples.jar:/Users/yangjarydu/Documents/Projects/apache-uima-as-2.3.1/lib/uima-jd.jar:/Users/yangjarydu/Documents/Projects/apache-uima-as-2.3.1/lib/uima-tools.jar:/Users/yangjarydu/Documents/Projects/apache-uima-as-2.3.1/lib/uimaj-as-activemq.jar:/Users/yangjarydu/Documents/Projects/apache-uima-as-2.3.1/lib/uimaj-as-camel.jar:/Users/yangjarydu/Documents/Projects/apache-uima-as-2.3.1/lib/uimaj-as-core.jar:/Users/yangjarydu/Documents/Projects/apache-uima-as-2.3.1/lib/uimaj-as-jms.jar:/Users/yangjarydu/Documents/Projects/apache-uima-as-2.3.1/lib/xmlbeans.jar:/Users/yangjarydu/Documents/Projects/apache-uima-as-2.3.1/apache-activemq-5.4.1/activemq-all-5.4.1.jar:/Users/yangjarydu/Documents/Projects/apache-uima-as-2.3.1/apache-activemq-5.4.1/lib/activemq-camel-5.4.1.jar:/Users/yangjarydu/Documents/Projects/apache-uima-as-2.3.1/apache-activemq-5.4.1/lib/activemq-console-5.4.1.jar:/Users/yangjarydu/Documents/Projects/apache-uima-as-2.3.1/apache-activemq-5.4.1/lib/activemq-core-5.4.1.jar:/Users/yangjarydu/Documents/Projects/apache-uima-as-2.3.1/apache-activemq-5.4.1/lib/activemq-spring-5.4.1.jar:/Users/yangjarydu/Documents/Projects/apache-uima-as-2.3.1/apache-activemq-5.4.1/lib/commons-logging-1.1.1.jar:/Users/yangjarydu/Documents/Projects/apache-uima-as-2.3.1/apache-activemq-5.4.1/lib/geronimo-j2ee-management_1.1_spec-1.0.1.jar:/Users/yangjarydu/Documents/Projects/apache-uima-as-2.3.1/apache-activemq-5.4.1/lib/geronimo-jms_1.1_spec-1.1.jar:/Users/yangjarydu/Documents/Projects/apache-uima-as-2.3.1/apache-activemq-5.4.1/lib/kahadb-5.4.1.jar:/Users/yangjarydu/Documents/Projects/apache-uima-as-2.3.1/apache-activemq-5.4.1/lib/spring-aop-3.0.3.RELEASE.jar:/Users/yangjarydu/Documents/Projects/apache-uima-as-2.3.1/apache-activemq-5.4.1/lib/spring-asm-3.0.3.RELEASE.jar:/Users/yangjarydu/Documents/Projects/apache-uima-as-2.3.1/apache-activemq-5.4.1/lib/spring-beans-3.0.3.RELEASE.jar:/Users/yangjarydu/Documents/Projects/apache-uima-as-2.3.1/apache-activemq-5.4.1/lib/spring-context-3.0.3.RELEASE.jar:/Users/yangjarydu/Documents/Projects/apache-uima-as-2.3.1/apache-activemq-5.4.1/lib/spring-core-3.0.3.RELEASE.jar:/Users/yangjarydu/Documents/Projects/apache-uima-as-2.3.1/apache-activemq-5.4.1/lib/spring-expression-3.0.3.RELEASE.jar:/Users/yangjarydu/Documents/Projects/apache-uima-as-2.3.1/apache-activemq-5.4.1/lib/spring-jms-3.0.3.RELEASE.jar:/Users/yangjarydu/Documents/Projects/apache-uima-as-2.3.1/apache-activemq-5.4.1/lib/spring-tx-3.0.3.RELEASE.jar:/Users/yangjarydu/Documents/Projects/apache-uima-as-2.3.1/apache-activemq-5.4.1/lib/xbean-spring-3.7.jar:/Users/yangjarydu/Documents/Projects/apache-uima-as-2.3.1/apache-activemq-5.4.1/lib/optional/commons-codec-1.2.jar:/Users/yangjarydu/Documents/Projects/apache-uima-as-2.3.1/apache-activemq-5.4.1/lib/optional/commons-httpclient-3.1.jar:/Users/yangjarydu/Documents/Projects/apache-uima-as-2.3.1/apache-activemq-5.4.1/lib/optional/geronimo-servlet_2.5_spec-1.2.jar:/Users/yangjarydu/Documents/Projects/apache-uima-as-2.3.1/apache-activemq-5.4.1/lib/optional/jetty-all-server-7.0.1.v20091125.jar:/Users/yangjarydu/Documents/Projects/apache-uima-as-2.3.1/apache-activemq-5.4.1/lib/optional/log4j-1.2.14.jar:/Users/yangjarydu/Documents/Projects/apache-uima-as-2.3.1/apache-activemq-5.4.1/lib/optional/xmlpull-1.1.3.4d_b4_min.jar:/Users/yangjarydu/Documents/Projects/apache-uima-as-2.3.1/apache-activemq-5.4.1/lib/optional/xstream-1.3.1.jar:
+ JVM LIB_PATH:/Users/yangjarydu/Documents/Projects/apache-uima-as-2.3.1/uimacpp/lib:/Users/yangjarydu/Documents/Projects/apache-uima-as-2.3.1/uimacpp/examples/tutorial/src::.:/Library/Java/Extensions:/System/Library/Java/Extensions:/usr/lib/java
+------------------------------------------------------------------ 
4/22/13 4:39:18 PM - 10: org.apache.uima.adapter.jms.activemq.JmsInputChannel.setEndpointName: INFO: top_level_input_queue_service_1 Service Starting - Listening for Messages 
4/22/13 4:39:18 PM - 10: org.apache.uima.adapter.jms.activemq.SpringContainerDeployer.waitForServiceNotification: INFO: Uima EE Client Blocking - Awaiting Top Level Controller Initialization Notification
4/22/13 4:39:18 PM - 11: org.apache.uima.aae.UimaAsThreadFactory$1.UimaAsThreadFactory.run(): INFO: Controller: EMR Pipeline Initializing AE instance on Thread Id: 13
4/22/13 4:39:19 PM - 11: org.apache.uima.aae.controller.PrimitiveAnalysisEngineController_impl.postInitialize: INFO: ********* Initialized the Controller. EMR Pipeline Ready To Process. ********
4/22/13 4:39:19 PM - 10: org.apache.uima.adapter.jms.activemq.SpringContainerDeployer.doStartListeners: INFO: Controller: EMR Pipeline Starting Listener on Endpoint: queue://EMRQueue Selector: Command=2000 OR Command=2002 Broker: tcp://localhost:61616
4/22/13 4:39:19 PM - 10: org.apache.uima.adapter.jms.activemq.SpringContainerDeployer.doStartListeners: INFO: Controller: EMR Pipeline Starting Listener on Endpoint: queue://EMRQueue Selector: Command=2001 Broker: tcp://localhost:61616
4/22/13 5:37:47 PM - 12: org.apache.uima.adapter.jms.activemq.JmsOutputChannel$ConnectionTimer.startTimer: INFO: Inactivity Timer Expired. Thread: Controller:EMR Pipeline:Reply TimerThread-:ID:Yangs-MacBook-Pro.local-56700-1366664583851-0:1:6:1366664867868323000 Controller: EMR Pipeline Timeout Value: 1,800,000 Endpoint Name: ID:Yangs-MacBook-Pro.local-56700-1366664583851-0:1:6
